<?xml version="1.0" encoding="UTF-8"?>
<!-- Generated by org.testng.reporters.JUnitReportReporter -->
<testsuite hostname="DESKTOP-GQOLLVJ" failures="0" tests="4" name="com.test.BasicTest" time="0.033" errors="0" timestamp="2022-11-29T19:38:24 IST" skipped="0">
  <testcase classname="com.test.BasicTest" name="checkAddi" time="0.021"/>
  <system-out/>
  <testcase classname="com.test.BasicTest" name="checkPossitive" time="0.003"/>
  <system-out/>
  <testcase classname="com.test.BasicTest" name="checkSub" time="0.006"/>
  <system-out/>
  <testcase classname="com.test.BasicTest" name="checknegative" time="0.003"/>
  <system-out/>
</testsuite> <!-- com.test.BasicTest -->
